[2018-07-18 20:28:15] START
[2018-07-18 20:29:40] EDIT blog_it_out2/models/db.py: 20
[2018-07-18 20:30:03] CREATE user.py: 0
[2018-07-18 20:30:08] EDIT blog_it_out2/controllers/user.py: 14
[2018-07-18 20:31:16] EDIT blog_it_out2/controllers/user.py: 0
[2018-07-18 20:32:10] CREATE user/login.html: 0
[2018-07-18 20:32:15] EDIT blog_it_out2/views/user/login.html: 23
[2018-07-18 20:33:24] CREATE sun_css/common.css: 0
[2018-07-18 20:33:27] EDIT blog_it_out2/static/sun_css/common.css: 48
[2018-07-18 20:33:29] EDIT blog_it_out2/static/sun_css/common.css: 0
[2018-07-18 20:35:29] EDIT blog_it_out2/static/sun_css/common.css: 0
[2018-07-18 20:37:08] EDIT blog_it_out2/views/layout.html: 1
[2018-07-18 20:37:10] EDIT blog_it_out2/views/layout.html: 0
[2018-07-18 20:37:30] EDIT blog_it_out2/views/layout.html: 0
[2018-07-18 20:37:36] EDIT blog_it_out2/views/layout.html: 0
[2018-07-18 20:37:42] EDIT blog_it_out2/views/layout.html: 0
[2018-07-18 20:38:01] EDIT blog_it_out2/views/layout.html: 1
[2018-07-18 20:38:03] EDIT blog_it_out2/views/layout.html: 0
[2018-07-18 20:38:14] EDIT blog_it_out2/views/layout.html: 0
[2018-07-18 20:39:28] EDIT blog_it_out2/views/layout.html: 0
[2018-07-18 20:39:30] EDIT blog_it_out2/views/layout.html: 0
[2018-07-18 20:39:52] EDIT blog_it_out2/views/layout.html: 0
[2018-07-18 20:41:54] EDIT blog_it_out2/views/layout.html: 0
[2018-07-18 20:42:34] EDIT blog_it_out2/views/layout.html: 0
[2018-07-18 20:43:06] EDIT blog_it_out2/views/layout.html: 1
[2018-07-18 20:43:41] EDIT blog_it_out2/views/layout.html: 5
[2018-07-18 20:43:51] EDIT blog_it_out2/views/layout.html: 0
[2018-07-18 20:43:57] EDIT blog_it_out2/views/layout.html: 0
[2018-07-18 20:45:59] EDIT blog_it_out2/views/layout.html: -4
[2018-07-18 20:46:03] EDIT blog_it_out2/views/layout.html: 0
[2018-07-18 20:47:08] EDIT blog_it_out2/views/layout.html: -6
[2018-07-18 20:47:32] EDIT blog_it_out2/views/layout.html: 0
[2018-07-18 20:47:41] EDIT blog_it_out2/views/layout.html: 0
[2018-07-18 20:48:57] EDIT blog_it_out2/views/layout.html: 0
[2018-07-18 20:51:45] EDIT blog_it_out2/views/layout.html: -11
[2018-07-20 20:42:10] EDIT blog_it_out2/controllers/user.py: 0
[2018-07-20 20:42:59] EDIT blog_it_out2/controllers/user.py: -1
[2018-07-20 20:43:02] EDIT blog_it_out2/controllers/user.py: 0
[2018-07-20 20:43:48] EDIT blog_it_out2/controllers/user.py: -3
[2018-07-20 20:44:00] EDIT blog_it_out2/controllers/user.py: 0
[2018-07-20 20:44:41] EDIT blog_it_out2/controllers/user.py: 0
[2018-07-20 20:45:17] EDIT blog_it_out2/controllers/user.py: 0
[2018-07-20 20:46:02] EDIT blog_it_out2/controllers/user.py: 0
[2018-07-20 20:46:48] EDIT blog_it_out2/models/db.py: -2
[2018-07-20 20:51:19] EDIT blog_it_out2/controllers/user.py: 0
[2018-07-20 20:52:00] EDIT blog_it_out2/controllers/user.py: 4
[2018-07-20 20:52:00] EDIT blog_it_out2/controllers/user.py: 0
[2018-07-20 20:52:00] EDIT blog_it_out2/controllers/user.py: 0
[2018-07-20 20:52:01] EDIT blog_it_out2/controllers/user.py: 0
[2018-07-20 20:52:52] EDIT blog_it_out2/controllers/user.py: 0
[2018-07-20 20:53:06] EDIT blog_it_out2/controllers/user.py: 0
[2018-07-20 20:53:16] EDIT blog_it_out2/controllers/user.py: 0
[2018-07-20 20:53:19] EDIT blog_it_out2/controllers/user.py: 0
[2018-07-20 20:54:55] EDIT blog_it_out2/controllers/user.py: 0
[2018-07-20 20:54:56] EDIT blog_it_out2/controllers/user.py: 0
[2018-07-20 20:54:56] EDIT blog_it_out2/controllers/user.py: 0
[2018-07-20 20:55:17] EDIT blog_it_out2/controllers/user.py: 0
[2018-07-20 20:56:25] EDIT blog_it_out2/controllers/user.py: 3
[2018-07-20 20:56:31] EDIT blog_it_out2/controllers/user.py: 0
[2018-07-20 20:56:35] EDIT blog_it_out2/controllers/user.py: 0
[2018-07-20 20:57:55] EDIT blog_it_out2/views/user/login.html: 3
[2018-07-20 20:58:47] EDIT blog_it_out2/controllers/user.py: 3
[2018-07-20 21:05:10] EDIT blog_it_out2/controllers/user.py: 0
[2018-07-20 21:05:42] EDIT blog_it_out2/views/user/login.html: -3
[2018-07-20 21:06:21] EDIT blog_it_out2/controllers/user.py: -3
[2018-07-20 21:06:25] EDIT blog_it_out2/controllers/user.py: 0
[2018-07-20 21:18:45] EDIT blog_it_out2/controllers/user.py: 1
[2018-07-20 21:22:18] EDIT blog_it_out2/controllers/user.py: 0
[2018-07-20 21:22:40] EDIT blog_it_out2/controllers/user.py: 0
[2018-07-20 21:25:00] EDIT blog_it_out2/controllers/user.py: -1
[2018-07-20 21:25:12] EDIT blog_it_out2/controllers/user.py: 0
[2018-07-20 21:25:15] EDIT blog_it_out2/controllers/user.py: 0
[2018-07-20 21:25:26] EDIT blog_it_out2/controllers/user.py: 0
[2018-07-20 21:26:54] EDIT blog_it_out2/controllers/user.py: 0
[2018-07-20 21:27:13] EDIT blog_it_out2/controllers/user.py: -1
[2018-07-20 21:27:21] EDIT blog_it_out2/controllers/user.py: 0
[2018-07-20 21:27:26] EDIT blog_it_out2/controllers/user.py: 0
[2018-07-20 21:27:35] EDIT blog_it_out2/controllers/user.py: 0
[2018-07-20 21:29:21] EDIT blog_it_out2/controllers/user.py: -2
[2018-07-20 21:29:22] EDIT blog_it_out2/controllers/user.py: 0
[2018-07-20 21:29:28] EDIT blog_it_out2/controllers/user.py: 0
[2018-07-22 14:27:47] EDIT blog_it_out2/controllers/user.py: 1
[2018-07-22 18:26:06] EDIT blog_it_out2/controllers/user.py: 1
[2018-07-22 18:29:27] EDIT blog_it_out2/controllers/user.py: 0
[2018-07-22 19:41:14] EDIT blog_it_out2/controllers/user.py: 1
[2018-07-22 19:41:30] EDIT blog_it_out2/controllers/user.py: 0
[2018-07-22 19:41:30] EDIT blog_it_out2/controllers/user.py: 0
[2018-07-22 19:41:31] EDIT blog_it_out2/controllers/user.py: 0
[2018-07-22 19:41:32] EDIT blog_it_out2/controllers/user.py: 0
[2018-07-22 19:41:34] EDIT blog_it_out2/controllers/user.py: 0
[2018-07-22 19:41:38] EDIT blog_it_out2/controllers/user.py: 0
[2018-07-22 19:41:40] EDIT blog_it_out2/controllers/user.py: 0
[2018-07-22 19:42:13] EDIT blog_it_out2/controllers/user.py: 0
[2018-07-22 19:43:10] EDIT blog_it_out2/controllers/user.py: -1
[2018-07-22 19:45:27] EDIT blog_it_out2/controllers/user.py: 1
[2018-07-22 19:45:30] EDIT blog_it_out2/controllers/user.py: 0
[2018-07-22 19:45:37] EDIT blog_it_out2/controllers/user.py: 0
[2018-07-22 19:50:31] EDIT blog_it_out2/models/db.py: 0
[2018-07-22 19:50:39] EDIT blog_it_out2/models/db.py: 0
[2018-07-22 19:51:13] EDIT blog_it_out2/models/db.py: 0
[2018-07-22 19:51:13] EDIT blog_it_out2/models/db.py: 0
[2018-07-22 19:51:13] EDIT blog_it_out2/models/db.py: 0
[2018-07-22 19:51:15] EDIT blog_it_out2/models/db.py: 0
[2018-07-22 19:51:35] EDIT blog_it_out2/controllers/user.py: 0
[2018-07-22 19:51:38] EDIT blog_it_out2/controllers/user.py: 0
[2018-07-22 19:51:38] EDIT blog_it_out2/controllers/user.py: 0
[2018-07-22 19:51:40] EDIT blog_it_out2/controllers/user.py: 0
[2018-07-22 19:53:41] EDIT blog_it_out2/models/db.py: 0
[2018-07-22 19:53:41] EDIT blog_it_out2/models/db.py: 0
[2018-07-22 19:53:42] EDIT blog_it_out2/models/db.py: 0
[2018-07-22 19:53:42] EDIT blog_it_out2/models/db.py: 0
[2018-07-22 19:53:42] EDIT blog_it_out2/models/db.py: 0
[2018-07-22 19:55:25] EDIT blog_it_out2/models/db.py: 0
[2018-07-22 19:55:26] EDIT blog_it_out2/models/db.py: 0
[2018-07-22 19:55:26] EDIT blog_it_out2/models/db.py: 0
[2018-07-22 19:55:29] EDIT blog_it_out2/models/db.py: 0
[2018-07-22 20:00:08] EDIT blog_it_out2/controllers/user.py: -1
[2018-07-22 20:00:36] EDIT blog_it_out2/models/db.py: 0
[2018-07-22 20:01:34] EDIT blog_it_out2/controllers/user.py: 0
[2018-07-22 20:03:16] EDIT blog_it_out2/controllers/user.py: 0
[2018-07-22 20:04:29] EDIT blog_it_out2/controllers/user.py: 0
[2018-07-22 20:04:35] EDIT blog_it_out2/controllers/user.py: 0
[2018-07-22 20:04:39] EDIT blog_it_out2/controllers/user.py: 0
[2018-07-22 20:04:45] EDIT blog_it_out2/controllers/user.py: 0
[2018-07-22 20:04:51] EDIT blog_it_out2/controllers/user.py: 0
[2018-07-22 20:04:53] EDIT blog_it_out2/controllers/user.py: 0
[2018-07-22 20:05:35] EDIT blog_it_out2/controllers/user.py: 0
[2018-07-22 20:05:57] EDIT blog_it_out2/controllers/user.py: 0
[2018-07-22 20:06:19] EDIT blog_it_out2/controllers/user.py: 9
[2018-07-22 20:06:34] EDIT blog_it_out2/controllers/user.py: 0
[2018-07-22 20:06:34] EDIT blog_it_out2/controllers/user.py: 0
[2018-07-22 20:06:37] EDIT blog_it_out2/controllers/user.py: 0
[2018-07-22 20:06:44] EDIT blog_it_out2/controllers/user.py: 0
[2018-07-22 20:08:10] EDIT blog_it_out2/controllers/user.py: 1
[2018-07-22 20:08:16] EDIT blog_it_out2/controllers/user.py: 1
[2018-07-22 20:08:59] EDIT blog_it_out2/controllers/user.py: 1
[2018-07-22 20:09:07] EDIT blog_it_out2/controllers/user.py: 0
[2018-07-22 20:09:13] EDIT blog_it_out2/controllers/user.py: 0
[2018-07-22 20:09:34] EDIT blog_it_out2/controllers/user.py: 3
[2018-07-22 20:09:37] EDIT blog_it_out2/controllers/user.py: 0
[2018-07-22 20:09:56] EDIT blog_it_out2/controllers/user.py: 0
[2018-07-22 20:11:26] EDIT blog_it_out2/controllers/user.py: 2
[2018-07-22 20:12:02] EDIT blog_it_out2/controllers/user.py: 0
[2018-07-22 20:12:23] EDIT blog_it_out2/controllers/user.py: -4
[2018-07-22 20:13:38] EDIT blog_it_out2/models/db.py: 0
[2018-07-22 20:13:40] EDIT blog_it_out2/models/db.py: 0
[2018-07-22 20:13:50] EDIT blog_it_out2/models/db.py: 0
[2018-07-22 20:14:23] EDIT blog_it_out2/controllers/user.py: 0
[2018-07-22 20:14:23] EDIT blog_it_out2/controllers/user.py: 0
[2018-07-22 20:14:33] EDIT blog_it_out2/controllers/user.py: 0
[2018-07-22 20:15:16] EDIT blog_it_out2/models/db.py: 0
[2018-07-22 20:15:16] EDIT blog_it_out2/models/db.py: 0
[2018-07-22 20:15:16] EDIT blog_it_out2/models/db.py: 0
[2018-07-22 20:15:21] EDIT blog_it_out2/models/db.py: 0
[2018-07-22 20:15:21] EDIT blog_it_out2/models/db.py: 0
[2018-07-22 20:15:21] EDIT blog_it_out2/models/db.py: 0
[2018-07-22 20:15:39] EDIT blog_it_out2/models/db.py: 0
[2018-07-22 20:15:58] EDIT blog_it_out2/models/db.py: 0
[2018-07-22 20:16:22] EDIT blog_it_out2/models/db.py: 0
[2018-07-22 20:16:22] EDIT blog_it_out2/models/db.py: 0
[2018-07-22 20:18:14] EDIT blog_it_out2/models/db.py: 0
[2018-07-22 20:18:27] EDIT blog_it_out2/models/db.py: 0
[2018-07-22 20:20:04] EDIT blog_it_out2/controllers/user.py: 0
[2018-07-22 20:20:08] EDIT blog_it_out2/controllers/user.py: 0
[2018-07-22 20:20:18] EDIT blog_it_out2/controllers/user.py: 0
[2018-07-22 20:20:18] EDIT blog_it_out2/controllers/user.py: 0
[2018-07-22 20:21:07] EDIT blog_it_out2/models/db.py: 0
[2018-07-22 20:22:28] EDIT blog_it_out2/models/db.py: 0
[2018-07-22 20:23:38] EDIT blog_it_out2/models/db.py: 0
[2018-07-22 20:24:06] EDIT blog_it_out2/models/db.py: 0
[2018-07-22 20:25:16] EDIT blog_it_out2/models/db.py: 0
[2018-07-22 20:25:22] EDIT blog_it_out2/models/db.py: 0
[2018-07-22 20:52:00] EDIT blog_it_out2/models/db.py: 0
[2018-07-22 20:52:06] EDIT blog_it_out2/models/db.py: 0
[2018-07-22 20:52:06] EDIT blog_it_out2/models/db.py: 0
[2018-07-22 20:57:22] EDIT blog_it_out2/controllers/user.py: 0
[2018-07-22 20:57:51] EDIT blog_it_out2/controllers/user.py: 0
[2018-07-22 21:01:26] EDIT blog_it_out2/models/db.py: 0
[2018-07-22 21:01:26] EDIT blog_it_out2/models/db.py: 0
[2018-07-22 21:01:27] EDIT blog_it_out2/models/db.py: 0
[2018-07-22 21:01:54] EDIT blog_it_out2/models/db.py: 0
[2018-07-22 21:02:02] EDIT blog_it_out2/models/db.py: 0
[2018-07-22 21:02:59] EDIT blog_it_out2/controllers/user.py: 0
[2018-07-22 21:12:14] EDIT blog_it_out2/controllers/user.py: 0
[2018-07-22 21:12:16] EDIT blog_it_out2/controllers/user.py: 0
[2018-07-22 21:13:54] EDIT blog_it_out2/controllers/user.py: 0
[2018-07-22 21:13:55] EDIT blog_it_out2/controllers/user.py: 0
[2018-07-22 21:18:12] EDIT blog_it_out2/controllers/user.py: -13
[2018-07-22 21:19:12] EDIT blog_it_out2/controllers/user.py: 1
[2018-07-22 21:19:22] EDIT blog_it_out2/controllers/user.py: 0
[2018-07-22 21:19:23] EDIT blog_it_out2/controllers/user.py: 0
[2018-07-22 21:22:25] EDIT blog_it_out2/controllers/user.py: 0
[2018-07-22 21:22:28] EDIT blog_it_out2/controllers/user.py: 0
[2018-07-22 21:22:30] EDIT blog_it_out2/controllers/user.py: 0
[2018-07-22 21:22:34] EDIT blog_it_out2/controllers/user.py: 0
[2018-07-22 21:28:44] EDIT blog_it_out2/controllers/user.py: 0
[2018-07-22 21:28:59] EDIT blog_it_out2/controllers/user.py: -1
[2018-07-22 21:29:01] EDIT blog_it_out2/controllers/user.py: 0
[2018-07-22 21:29:02] EDIT blog_it_out2/controllers/user.py: 0
[2018-07-22 21:29:07] EDIT blog_it_out2/controllers/user.py: 1
[2018-07-22 21:29:10] EDIT blog_it_out2/controllers/user.py: 0
[2018-07-22 21:29:11] EDIT blog_it_out2/controllers/user.py: 0
[2018-07-22 21:29:12] EDIT blog_it_out2/controllers/user.py: 0
[2018-07-22 21:29:12] EDIT blog_it_out2/controllers/user.py: 0
[2018-07-22 21:34:39] EDIT blog_it_out2/controllers/user.py: 0
[2018-07-22 21:34:50] EDIT blog_it_out2/controllers/user.py: 0
[2018-07-22 21:34:59] EDIT blog_it_out2/controllers/user.py: 0
[2018-07-22 21:35:00] EDIT blog_it_out2/controllers/user.py: 0
[2018-07-22 21:36:08] EDIT blog_it_out2/controllers/user.py: 1
[2018-07-22 21:36:15] EDIT blog_it_out2/controllers/user.py: 0
[2018-07-22 21:36:36] EDIT blog_it_out2/controllers/user.py: 0
[2018-07-22 21:37:29] EDIT blog_it_out2/controllers/user.py: 0
[2018-07-22 21:37:43] EDIT blog_it_out2/controllers/user.py: 0
[2018-07-22 21:37:55] EDIT blog_it_out2/controllers/user.py: 0
[2018-07-22 21:38:48] EDIT blog_it_out2/controllers/user.py: 1
[2018-07-22 21:39:13] EDIT blog_it_out2/controllers/user.py: 13
[2018-07-22 21:39:15] EDIT blog_it_out2/controllers/user.py: 0
[2018-07-22 21:39:43] EDIT blog_it_out2/controllers/user.py: 0
[2018-07-22 21:39:48] EDIT blog_it_out2/controllers/user.py: -1
[2018-07-22 21:39:54] EDIT blog_it_out2/controllers/user.py: -1
[2018-07-22 21:40:27] EDIT blog_it_out2/controllers/user.py: 0
[2018-07-22 21:40:27] EDIT blog_it_out2/controllers/user.py: 0
[2018-07-22 21:42:04] EDIT blog_it_out2/controllers/user.py: 3
[2018-07-22 21:42:15] EDIT blog_it_out2/controllers/user.py: 0
[2018-07-22 21:42:16] EDIT blog_it_out2/controllers/user.py: 0
[2018-07-22 21:42:36] EDIT blog_it_out2/controllers/user.py: 0
[2018-07-22 21:43:03] EDIT blog_it_out2/controllers/user.py: 2
[2018-07-22 21:43:07] EDIT blog_it_out2/controllers/user.py: -1
[2018-07-22 21:44:04] EDIT blog_it_out2/controllers/user.py: -1
[2018-07-22 21:44:26] EDIT blog_it_out2/controllers/user.py: 1
[2018-07-22 21:44:28] EDIT blog_it_out2/controllers/user.py: 0
[2018-07-22 21:44:42] EDIT blog_it_out2/controllers/user.py: 0
[2018-07-22 21:45:40] EDIT blog_it_out2/controllers/user.py: 3
[2018-07-22 21:45:51] EDIT blog_it_out2/controllers/user.py: 0
[2018-07-22 21:46:00] EDIT blog_it_out2/controllers/user.py: 0
[2018-07-22 21:46:12] EDIT blog_it_out2/controllers/user.py: 1
[2018-07-22 21:46:14] EDIT blog_it_out2/controllers/user.py: 0
[2018-07-22 21:46:15] EDIT blog_it_out2/controllers/user.py: 0
[2018-07-22 21:46:17] EDIT blog_it_out2/controllers/user.py: 0
[2018-07-22 21:46:26] EDIT blog_it_out2/controllers/user.py: 0
[2018-07-22 21:46:34] EDIT blog_it_out2/controllers/user.py: 0
[2018-07-22 21:46:54] EDIT blog_it_out2/controllers/user.py: 0
[2018-07-22 21:46:57] EDIT blog_it_out2/controllers/user.py: 0
[2018-07-22 21:46:59] EDIT blog_it_out2/controllers/user.py: 0
[2018-07-22 21:49:29] EDIT blog_it_out2/controllers/user.py: 0
[2018-07-22 21:49:43] EDIT blog_it_out2/controllers/user.py: 0
[2018-07-22 21:49:53] EDIT blog_it_out2/controllers/user.py: 0
[2018-07-22 21:50:46] EDIT blog_it_out2/controllers/user.py: 0
[2018-07-22 21:50:53] EDIT blog_it_out2/controllers/user.py: 0
[2018-07-22 21:50:55] EDIT blog_it_out2/controllers/user.py: 0
[2018-07-22 21:51:45] EDIT blog_it_out2/controllers/user.py: 0
[2018-07-22 21:51:53] EDIT blog_it_out2/controllers/user.py: 0
[2018-07-22 21:52:00] EDIT blog_it_out2/controllers/user.py: 0
[2018-07-22 21:52:06] EDIT blog_it_out2/controllers/user.py: 0
[2018-07-22 21:52:49] EDIT blog_it_out2/controllers/user.py: -1
[2018-07-22 21:52:56] EDIT blog_it_out2/controllers/user.py: 0
[2018-07-22 21:55:29] EDIT blog_it_out2/controllers/user.py: 2
[2018-07-22 21:55:34] EDIT blog_it_out2/controllers/user.py: 0
[2018-07-22 21:55:57] EDIT blog_it_out2/controllers/user.py: 7
[2018-07-22 21:56:19] EDIT blog_it_out2/controllers/user.py: 0
[2018-07-22 21:56:26] EDIT blog_it_out2/controllers/user.py: 0
[2018-07-22 21:56:57] EDIT blog_it_out2/controllers/user.py: -1
[2018-07-22 21:57:00] EDIT blog_it_out2/controllers/user.py: 0
[2018-07-22 21:57:14] CREATE user/signup.html: 0
[2018-07-22 21:57:27] EDIT blog_it_out2/views/user/signup.html: 23
[2018-07-22 21:58:11] EDIT blog_it_out2/views/user/signup.html: 0
[2018-07-22 21:58:16] EDIT blog_it_out2/views/user/signup.html: 0
[2018-07-22 21:58:23] EDIT blog_it_out2/views/user/signup.html: 0
[2018-07-22 22:00:02] EDIT blog_it_out2/views/user/signup.html: 0
[2018-07-22 22:00:05] EDIT blog_it_out2/controllers/user.py: 0
[2018-07-22 22:03:29] EDIT blog_it_out2/controllers/user.py: 0
[2018-07-22 22:03:38] EDIT blog_it_out2/controllers/user.py: 0
[2018-07-22 22:03:44] EDIT blog_it_out2/controllers/user.py: 1
[2018-07-22 22:04:02] EDIT blog_it_out2/controllers/user.py: 0
[2018-07-22 22:04:11] EDIT blog_it_out2/controllers/user.py: 0
[2018-07-22 22:05:56] EDIT blog_it_out2/controllers/user.py: 1
[2018-07-22 22:05:56] EDIT blog_it_out2/controllers/user.py: 0
[2018-07-22 22:07:05] EDIT blog_it_out2/controllers/user.py: 3
[2018-07-22 22:07:06] EDIT blog_it_out2/controllers/user.py: 0
[2018-07-22 22:07:09] EDIT blog_it_out2/controllers/user.py: 0
[2018-07-22 22:09:50] EDIT blog_it_out2/controllers/user.py: 3
[2018-07-22 22:09:55] EDIT blog_it_out2/controllers/user.py: 0
[2018-07-22 22:10:01] EDIT blog_it_out2/controllers/user.py: 0
[2018-07-22 22:10:39] EDIT blog_it_out2/views/user/login.html: 3
[2018-07-22 22:10:47] EDIT blog_it_out2/controllers/user.py: 0
[2018-07-22 22:11:08] EDIT blog_it_out2/views/user/login.html: 0
[2018-07-22 22:11:34] EDIT blog_it_out2/views/user/login.html: 0
[2018-07-22 22:13:48] EDIT blog_it_out2/controllers/user.py: 0
[2018-07-22 22:13:55] EDIT blog_it_out2/controllers/user.py: 0
[2018-07-22 22:14:54] EDIT blog_it_out2/controllers/user.py: 2
[2018-07-22 22:14:54] EDIT blog_it_out2/controllers/user.py: 0
[2018-07-22 22:14:58] EDIT blog_it_out2/controllers/user.py: 0
[2018-07-22 22:15:07] EDIT blog_it_out2/controllers/user.py: 0
[2018-07-22 22:33:23] EDIT blog_it_out2/controllers/user.py: 2
[2018-07-23 09:30:14] EDIT blog_it_out2/controllers/user.py: -1
[2018-07-23 09:30:17] EDIT blog_it_out2/controllers/user.py: 0
[2018-07-23 09:30:24] EDIT blog_it_out2/controllers/user.py: -3
[2018-07-23 09:30:29] EDIT blog_it_out2/controllers/user.py: 0
[2018-07-23 09:30:37] EDIT blog_it_out2/controllers/user.py: -3
[2018-07-23 09:30:47] EDIT blog_it_out2/views/user/login.html: -3
[2018-07-23 09:31:48] EDIT blog_it_out2/controllers/user.py: 0
[2018-07-23 09:31:53] EDIT blog_it_out2/controllers/user.py: -3
[2018-07-23 09:31:58] EDIT blog_it_out2/controllers/user.py: 0
[2018-07-23 09:32:01] EDIT blog_it_out2/controllers/user.py: 0
[2018-07-23 09:55:22] EDIT blog_it_out2/views/user/login.html: 1
[2018-07-23 09:55:35] EDIT blog_it_out2/views/user/login.html: 0
[2018-07-23 09:55:51] EDIT blog_it_out2/views/user/login.html: 0
[2018-07-23 09:56:01] EDIT blog_it_out2/views/user/login.html: 0
[2018-07-23 09:56:04] EDIT blog_it_out2/views/user/login.html: 0
[2018-07-23 09:58:18] EDIT blog_it_out2/views/user/login.html: 0
[2018-07-23 09:59:05] EDIT blog_it_out2/controllers/user.py: 1
[2018-07-23 09:59:30] EDIT blog_it_out2/controllers/user.py: 1
[2018-07-23 09:59:33] EDIT blog_it_out2/controllers/user.py: 0
[2018-07-23 10:00:23] EDIT blog_it_out2/controllers/user.py: 3
[2018-07-23 10:00:45] EDIT blog_it_out2/controllers/user.py: 0
[2018-07-23 10:00:51] EDIT blog_it_out2/controllers/user.py: 0
[2018-07-23 10:00:56] EDIT blog_it_out2/controllers/user.py: 0
[2018-07-23 10:01:01] EDIT blog_it_out2/controllers/user.py: 0
[2018-07-23 10:04:22] EDIT blog_it_out2/controllers/default.py: 1
[2018-07-23 10:04:50] EDIT blog_it_out2/controllers/default.py: 0
[2018-07-23 10:04:50] EDIT blog_it_out2/controllers/default.py: 0
[2018-07-23 10:06:52] EDIT blog_it_out2/controllers/default.py: 0
[2018-07-23 10:06:54] EDIT blog_it_out2/controllers/default.py: 0
[2018-07-23 10:07:37] EDIT blog_it_out2/controllers/default.py: 0
[2018-07-23 10:08:08] EDIT blog_it_out2/controllers/default.py: 0
[2018-07-23 10:09:38] EDIT blog_it_out2/controllers/default.py: -1
[2018-07-23 10:10:27] EDIT blog_it_out2/controllers/user.py: 0
[2018-07-23 10:10:38] EDIT blog_it_out2/controllers/user.py: 0
[2018-07-23 10:10:50] EDIT blog_it_out2/controllers/user.py: 0
[2018-07-23 10:10:58] EDIT blog_it_out2/controllers/user.py: 0
[2018-07-23 10:58:06] EDIT blog_it_out2/views/default/index.html: -37
[2018-07-23 10:58:41] EDIT blog_it_out2/controllers/default.py: -1
[2018-07-23 10:58:51] EDIT blog_it_out2/controllers/default.py: 0
[2018-07-23 10:59:18] EDIT blog_it_out2/controllers/default.py: 1
[2018-07-23 11:00:02] EDIT blog_it_out2/views/layout.html: -51
[2018-07-23 11:00:12] EDIT blog_it_out2/views/default/index.html: 51
[2018-07-23 11:00:25] EDIT blog_it_out2/views/default/index.html: -1
[2018-07-23 11:00:28] EDIT blog_it_out2/views/default/index.html: 0
[2018-07-23 11:00:50] EDIT blog_it_out2/views/default/index.html: 0
[2018-07-23 11:01:00] EDIT blog_it_out2/views/default/index.html: 0
[2018-07-23 11:01:09] EDIT blog_it_out2/views/default/index.html: 0
[2018-07-23 11:18:17] EDIT blog_it_out2/views/default/index.html: -50
[2018-07-23 11:18:20] EDIT blog_it_out2/views/default/index.html: 0
[2018-07-23 11:18:44] DELETE blog_it_out2/views/default/user.html: -31
[2018-07-23 11:18:49] DELETE blog_it_out2/views/default/index.html: -1
[2018-07-23 11:19:17] EDIT blog_it_out2/controllers/default.py: -1
[2018-07-23 11:19:55] EDIT blog_it_out2/controllers/default.py: 0
[2018-07-23 11:20:11] EDIT blog_it_out2/controllers/default.py: 0
[2018-07-23 11:20:34] EDIT blog_it_out2/controllers/default.py: 0
[2018-07-23 11:20:45] EDIT blog_it_out2/controllers/default.py: 0
[2018-07-23 11:20:54] EDIT blog_it_out2/controllers/default.py: 0
[2018-07-23 11:21:05] EDIT blog_it_out2/controllers/default.py: 0
[2018-07-23 11:22:45] EDIT blog_it_out2/controllers/default.py: 2
[2018-07-23 11:22:48] EDIT blog_it_out2/controllers/default.py: 0
[2018-07-23 11:22:53] EDIT blog_it_out2/controllers/default.py: 0
[2018-07-23 11:23:14] CREATE default/index.html: 0
[2018-07-23 11:23:18] EDIT blog_it_out2/views/default/index.html: 0
[2018-07-23 11:23:36] EDIT blog_it_out2/controllers/default.py: 0
[2018-07-23 11:23:58] EDIT blog_it_out2/controllers/default.py: 0
[2018-07-23 11:24:03] EDIT blog_it_out2/controllers/default.py: -1
[2018-07-23 11:24:07] EDIT blog_it_out2/controllers/default.py: 1
[2018-07-23 11:31:42] EDIT blog_it_out2/static/sun_css/common.css: 1
[2018-07-23 11:31:46] EDIT blog_it_out2/static/sun_css/common.css: 0
[2018-07-23 11:32:07] EDIT blog_it_out2/static/sun_css/common.css: 2
[2018-07-23 11:32:17] EDIT blog_it_out2/static/sun_css/common.css: 0
[2018-07-23 11:32:27] EDIT blog_it_out2/static/sun_css/common.css: 1
[2018-07-23 11:33:06] EDIT blog_it_out2/static/sun_css/common.css: 2
[2018-07-23 11:33:21] EDIT blog_it_out2/static/sun_css/common.css: 0
[2018-07-23 11:33:27] EDIT blog_it_out2/static/sun_css/common.css: 0
[2018-07-23 11:33:29] EDIT blog_it_out2/static/sun_css/common.css: 0
[2018-07-23 11:33:31] EDIT blog_it_out2/static/sun_css/common.css: 0
[2018-07-23 11:33:35] EDIT blog_it_out2/static/sun_css/common.css: 0
[2018-07-23 11:33:53] EDIT blog_it_out2/static/sun_css/common.css: 2
[2018-07-23 11:34:09] EDIT blog_it_out2/static/sun_css/common.css: 0
[2018-07-23 11:34:14] EDIT blog_it_out2/static/sun_css/common.css: 0
[2018-07-23 11:35:27] EDIT blog_it_out2/static/sun_css/common.css: 0
[2018-07-23 11:35:29] EDIT blog_it_out2/static/sun_css/common.css: 0
[2018-07-23 11:36:30] EDIT blog_it_out2/static/sun_css/common.css: 0
[2018-07-23 11:37:04] EDIT blog_it_out2/views/default/index.html: 0
[2018-07-23 11:37:09] EDIT blog_it_out2/views/default/index.html: 1
[2018-07-23 11:38:31] EDIT blog_it_out2/static/sun_css/common.css: 0
[2018-07-23 11:38:58] EDIT blog_it_out2/static/sun_css/common.css: 2
[2018-07-23 11:39:10] EDIT blog_it_out2/static/sun_css/common.css: 0
[2018-07-23 11:40:33] EDIT blog_it_out2/static/sun_css/common.css: 0
[2018-07-23 11:41:28] EDIT blog_it_out2/static/sun_css/common.css: 0
[2018-07-23 11:41:33] EDIT blog_it_out2/static/sun_css/common.css: 0
[2018-07-23 11:41:36] EDIT blog_it_out2/static/sun_css/common.css: 0
[2018-07-23 11:41:41] EDIT blog_it_out2/static/sun_css/common.css: 0
[2018-07-23 11:41:44] EDIT blog_it_out2/static/sun_css/common.css: 0
[2018-07-23 11:42:19] EDIT blog_it_out2/static/sun_css/common.css: 0
[2018-07-23 11:43:02] EDIT blog_it_out2/views/default/index.html: 0
[2018-07-23 11:43:20] EDIT blog_it_out2/static/sun_css/common.css: 0
[2018-07-23 11:43:32] EDIT blog_it_out2/static/sun_css/common.css: -1
[2018-07-23 11:43:39] EDIT blog_it_out2/views/default/index.html: 0
[2018-07-23 11:44:36] EDIT blog_it_out2/views/default/index.html: 0
[2018-07-23 17:21:37] EDIT blog_it_out2/views/default/index.html: 0
[2018-07-23 17:22:21] EDIT blog_it_out2/views/default/index.html: 0
[2018-07-23 17:22:49] EDIT blog_it_out2/static/sun_css/common.css: 2
[2018-07-23 17:23:32] EDIT blog_it_out2/views/default/index.html: 0
[2018-07-23 17:23:54] EDIT blog_it_out2/static/sun_css/common.css: 0
[2018-07-23 17:25:33] EDIT blog_it_out2/views/default/index.html: 23
[2018-07-23 17:25:57] EDIT blog_it_out2/views/default/index.html: -1
[2018-07-23 17:26:09] EDIT blog_it_out2/views/default/index.html: -3
[2018-07-23 17:27:41] EDIT blog_it_out2/static/sun_css/common.css: 8
[2018-07-23 17:27:46] EDIT blog_it_out2/static/sun_css/common.css: 0
[2018-07-23 17:28:07] EDIT blog_it_out2/views/default/index.html: 0
[2018-07-23 17:28:27] EDIT blog_it_out2/views/default/index.html: -16
[2018-07-23 17:28:33] EDIT blog_it_out2/static/sun_css/common.css: 0
[2018-07-23 17:28:42] EDIT blog_it_out2/static/sun_css/common.css: 0
[2018-07-23 17:28:56] EDIT blog_it_out2/views/default/index.html: -3
[2018-07-23 17:29:18] EDIT blog_it_out2/static/sun_css/common.css: 0
[2018-07-23 17:29:30] EDIT blog_it_out2/views/default/index.html: 0
[2018-07-23 17:29:58] EDIT blog_it_out2/views/default/index.html: 1
[2018-07-23 17:30:01] EDIT blog_it_out2/views/default/index.html: 0
[2018-07-23 17:30:38] EDIT blog_it_out2/views/default/index.html: 0
[2018-07-23 17:30:49] EDIT blog_it_out2/views/default/index.html: 2
[2018-07-23 17:31:01] EDIT blog_it_out2/views/default/index.html: 0
[2018-07-23 17:31:03] EDIT blog_it_out2/views/default/index.html: 0
[2018-07-23 17:31:17] EDIT blog_it_out2/views/default/index.html: 1
[2018-07-23 17:31:38] EDIT blog_it_out2/views/default/index.html: 12
[2018-07-23 17:31:49] EDIT blog_it_out2/views/default/index.html: 0
[2018-07-23 17:31:56] EDIT blog_it_out2/views/default/index.html: 0
[2018-07-23 17:32:09] EDIT blog_it_out2/views/default/index.html: 0
[2018-07-23 17:32:15] EDIT blog_it_out2/views/default/index.html: 0
[2018-07-23 17:32:32] EDIT blog_it_out2/views/default/index.html: 0
[2018-07-23 17:32:48] EDIT blog_it_out2/views/default/index.html: 0
[2018-07-23 17:32:52] EDIT blog_it_out2/views/default/index.html: 0
[2018-07-23 17:33:16] EDIT blog_it_out2/static/sun_css/common.css: 0
[2018-07-23 17:33:22] EDIT blog_it_out2/static/sun_css/common.css: 0
[2018-07-23 17:33:56] EDIT blog_it_out2/static/sun_css/common.css: -1
[2018-07-23 17:34:52] EDIT blog_it_out2/static/sun_css/common.css: -2
[2018-07-23 17:35:00] EDIT blog_it_out2/static/sun_css/common.css: 1
[2018-07-23 17:35:22] EDIT blog_it_out2/static/sun_css/common.css: -1
[2018-07-23 17:35:31] EDIT blog_it_out2/static/sun_css/common.css: 0
[2018-07-23 17:35:36] EDIT blog_it_out2/static/sun_css/common.css: 1
[2018-07-23 17:36:50] EDIT blog_it_out2/static/sun_css/common.css: 0
[2018-07-23 17:38:44] EDIT blog_it_out2/static/sun_css/common.css: 0
[2018-07-23 17:39:45] EDIT blog_it_out2/views/default/index.html: 0
[2018-07-23 17:39:45] EDIT blog_it_out2/views/default/index.html: 0
[2018-07-23 17:39:45] EDIT blog_it_out2/views/default/index.html: 0
[2018-07-23 17:39:45] EDIT blog_it_out2/views/default/index.html: 0
[2018-07-23 17:39:49] EDIT blog_it_out2/views/default/index.html: 0
[2018-07-23 17:39:51] EDIT blog_it_out2/views/default/index.html: 0
[2018-07-23 17:58:50] EDIT blog_it_out2/views/default/index.html: 1
[2018-07-23 17:58:52] EDIT blog_it_out2/views/default/index.html: 0
[2018-07-23 17:59:06] EDIT blog_it_out2/views/default/index.html: 0
[2018-07-23 17:59:30] EDIT blog_it_out2/views/default/index.html: -1
[2018-07-23 17:59:50] EDIT blog_it_out2/static/sun_css/common.css: 1
[2018-07-23 17:59:57] EDIT blog_it_out2/static/sun_css/common.css: 1
[2018-07-23 18:00:19] EDIT blog_it_out2/static/sun_css/common.css: 0
[2018-07-23 18:00:53] EDIT blog_it_out2/static/sun_css/common.css: 1
[2018-07-23 18:01:11] EDIT blog_it_out2/static/sun_css/common.css: -3
[2018-07-23 18:02:18] EDIT blog_it_out2/static/sun_css/common.css: 0
[2018-07-23 18:06:25] EDIT blog_it_out2/static/sun_css/common.css: -8
[2018-07-23 18:06:43] EDIT blog_it_out2/static/sun_css/common.css: -1
[2018-07-23 18:06:50] EDIT blog_it_out2/views/default/index.html: 0
[2018-07-23 18:07:04] EDIT blog_it_out2/static/sun_css/common.css: 1
[2018-07-23 18:10:36] EDIT blog_it_out2/static/sun_css/common.css: 0
[2018-07-23 18:15:04] EDIT blog_it_out2/views/default/index.html: 0
[2018-07-23 18:16:27] EDIT blog_it_out2/static/sun_css/common.css: 8
[2018-07-23 18:16:30] EDIT blog_it_out2/static/sun_css/common.css: 0
[2018-07-23 18:17:05] EDIT blog_it_out2/static/sun_css/common.css: 0
[2018-07-23 18:17:27] EDIT blog_it_out2/static/sun_css/common.css: 1
[2018-07-23 18:17:53] EDIT blog_it_out2/static/sun_css/common.css: -1
[2018-07-23 18:18:01] EDIT blog_it_out2/static/sun_css/common.css: 0
[2018-07-23 18:18:55] EDIT blog_it_out2/static/sun_css/common.css: 3
[2018-07-23 18:19:05] EDIT blog_it_out2/static/sun_css/common.css: 0
[2018-07-23 18:19:08] EDIT blog_it_out2/static/sun_css/common.css: 0
[2018-07-23 18:19:27] EDIT blog_it_out2/static/sun_css/common.css: 1
[2018-07-23 18:19:36] EDIT blog_it_out2/static/sun_css/common.css: 0
[2018-07-23 18:19:56] EDIT blog_it_out2/static/sun_css/common.css: 1
[2018-07-23 18:20:03] EDIT blog_it_out2/static/sun_css/common.css: -1
[2018-07-23 18:20:24] EDIT blog_it_out2/static/sun_css/common.css: 0
[2018-07-23 18:20:41] EDIT blog_it_out2/static/sun_css/common.css: 2
[2018-07-23 18:20:48] EDIT blog_it_out2/static/sun_css/common.css: 1
[2018-07-23 18:21:01] EDIT blog_it_out2/static/sun_css/common.css: 1
[2018-07-23 18:21:22] EDIT blog_it_out2/static/sun_css/common.css: -6
[2018-07-23 18:21:30] EDIT blog_it_out2/static/sun_css/common.css: 0
[2018-07-23 18:21:39] EDIT blog_it_out2/static/sun_css/common.css: 0
[2018-07-23 18:21:48] EDIT blog_it_out2/static/sun_css/common.css: 1
[2018-07-23 18:21:53] EDIT blog_it_out2/static/sun_css/common.css: 5
[2018-07-23 18:22:05] EDIT blog_it_out2/static/sun_css/common.css: 1
[2018-07-23 18:22:24] EDIT blog_it_out2/static/sun_css/common.css: 5
[2018-07-23 18:22:44] EDIT blog_it_out2/static/sun_css/common.css: 0
[2018-07-23 18:23:02] EDIT blog_it_out2/static/sun_css/common.css: -6
[2018-07-23 18:23:14] EDIT blog_it_out2/static/sun_css/common.css: 6
[2018-07-23 18:23:23] EDIT blog_it_out2/static/sun_css/common.css: 0
[2018-07-23 18:23:42] EDIT blog_it_out2/static/sun_css/common.css: 0
[2018-07-23 18:24:08] EDIT blog_it_out2/static/sun_css/common.css: 0
[2018-07-23 18:24:59] EDIT blog_it_out2/static/sun_css/common.css: 1
[2018-07-23 18:25:09] EDIT blog_it_out2/static/sun_css/common.css: 0
[2018-07-23 18:45:56] EDIT blog_it_out2/static/sun_css/common.css: 0
[2018-07-23 18:46:11] EDIT blog_it_out2/static/sun_css/common.css: 0
[2018-07-23 18:46:25] EDIT blog_it_out2/static/sun_css/common.css: 0
[2018-07-23 18:46:34] EDIT blog_it_out2/static/sun_css/common.css: 0
[2018-07-23 18:46:58] EDIT blog_it_out2/static/sun_css/common.css: 1
[2018-07-23 18:47:10] EDIT blog_it_out2/static/sun_css/common.css: 0
[2018-07-23 18:47:20] EDIT blog_it_out2/static/sun_css/common.css: 0
[2018-07-23 18:47:46] EDIT blog_it_out2/static/sun_css/common.css: 0
[2018-07-23 18:48:07] EDIT blog_it_out2/static/sun_css/common.css: 0
[2018-07-23 18:49:03] EDIT blog_it_out2/static/sun_css/common.css: 0
[2018-07-23 18:49:17] EDIT blog_it_out2/static/sun_css/common.css: 0
[2018-07-23 18:51:39] EDIT blog_it_out2/static/sun_css/common.css: 1
[2018-07-23 18:51:54] EDIT blog_it_out2/static/sun_css/common.css: 0
[2018-07-23 18:52:14] EDIT blog_it_out2/static/sun_css/common.css: 1
[2018-07-23 18:59:31] EDIT blog_it_out2/static/sun_css/common.css: 0
[2018-07-23 18:59:44] EDIT blog_it_out2/static/sun_css/common.css: 0
[2018-07-23 19:00:01] EDIT blog_it_out2/static/sun_css/common.css: 0
[2018-07-23 19:03:28] EDIT blog_it_out2/static/sun_css/common.css: 0
[2018-07-23 19:06:06] EDIT blog_it_out2/static/sun_css/common.css: 3
[2018-07-23 19:06:19] EDIT blog_it_out2/static/sun_css/common.css: 0
[2018-07-23 19:06:40] EDIT blog_it_out2/static/sun_css/common.css: -1
[2018-07-23 19:06:44] EDIT blog_it_out2/static/sun_css/common.css: 1
[2018-07-23 19:06:53] EDIT blog_it_out2/static/sun_css/common.css: 1
[2018-07-23 19:07:07] EDIT blog_it_out2/static/sun_css/common.css: 1
[2018-07-23 19:24:55] EDIT blog_it_out2/static/sun_css/common.css: 1
[2018-07-23 19:25:09] EDIT blog_it_out2/static/sun_css/common.css: 0
[2018-07-23 19:26:16] EDIT blog_it_out2/static/sun_css/common.css: 2
[2018-07-23 19:26:31] EDIT blog_it_out2/static/sun_css/common.css: 1
[2018-07-23 19:27:10] EDIT blog_it_out2/static/sun_css/common.css: 1
[2018-07-23 19:27:26] EDIT blog_it_out2/static/sun_css/common.css: 0
[2018-07-23 19:28:00] EDIT blog_it_out2/static/sun_css/common.css: 0
[2018-07-23 19:34:18] EDIT blog_it_out2/views/default/index.html: 0
[2018-07-23 19:34:29] EDIT blog_it_out2/views/default/index.html: 0
[2018-07-23 19:34:34] EDIT blog_it_out2/views/default/index.html: 0
[2018-07-23 19:35:45] EDIT blog_it_out2/static/sun_css/common.css: 1
[2018-07-23 19:36:18] EDIT blog_it_out2/static/sun_css/common.css: 2
[2018-07-23 19:38:47] EDIT blog_it_out2/static/sun_css/common.css: 3
[2018-07-23 19:41:10] EDIT blog_it_out2/static/sun_css/common.css: 1
[2018-07-23 19:41:17] EDIT blog_it_out2/static/sun_css/common.css: -1
[2018-07-23 19:41:27] EDIT blog_it_out2/views/default/index.html: 0
[2018-07-23 19:41:38] EDIT blog_it_out2/views/default/index.html: 0
[2018-07-23 19:41:57] EDIT blog_it_out2/static/sun_css/common.css: -6
[2018-07-23 19:42:09] EDIT blog_it_out2/static/sun_css/common.css: 0
[2018-07-23 19:42:33] EDIT blog_it_out2/static/sun_css/common.css: 1
[2018-07-23 19:43:02] EDIT blog_it_out2/static/sun_css/common.css: -1
[2018-07-23 19:43:47] EDIT blog_it_out2/views/default/index.html: 3
[2018-07-23 19:43:52] EDIT blog_it_out2/views/default/index.html: 0
[2018-07-23 19:44:35] EDIT blog_it_out2/views/default/index.html: 0
[2018-07-23 19:44:39] EDIT blog_it_out2/views/default/index.html: 0
[2018-07-23 19:44:56] EDIT blog_it_out2/views/default/index.html: 0
[2018-07-23 19:47:04] EDIT blog_it_out2/views/default/index.html: 0
[2018-07-23 19:47:28] EDIT blog_it_out2/views/default/index.html: 0
[2018-07-23 19:47:37] EDIT blog_it_out2/views/default/index.html: 0
[2018-07-23 19:48:05] EDIT blog_it_out2/static/sun_css/common.css: 1
[2018-07-23 19:48:14] EDIT blog_it_out2/static/sun_css/common.css: 1
[2018-07-23 19:48:38] EDIT blog_it_out2/static/sun_css/common.css: 1
[2018-07-23 19:48:41] EDIT blog_it_out2/static/sun_css/common.css: 0
[2018-07-23 19:49:23] EDIT blog_it_out2/static/sun_css/common.css: 1
[2018-07-23 19:49:41] EDIT blog_it_out2/static/sun_css/common.css: 1
[2018-07-23 19:50:02] EDIT blog_it_out2/static/sun_css/common.css: 0
[2018-07-23 19:50:23] EDIT blog_it_out2/static/sun_css/common.css: 1
[2018-07-23 19:50:32] EDIT blog_it_out2/static/sun_css/common.css: 0
[2018-07-23 19:50:45] EDIT blog_it_out2/static/sun_css/common.css: -1
[2018-07-23 19:50:55] EDIT blog_it_out2/static/sun_css/common.css: 0
[2018-07-23 19:51:03] EDIT blog_it_out2/static/sun_css/common.css: 0
[2018-07-23 19:51:40] EDIT blog_it_out2/static/sun_css/common.css: 1
[2018-07-23 19:51:57] EDIT blog_it_out2/static/sun_css/common.css: 0
[2018-07-23 19:52:07] EDIT blog_it_out2/static/sun_css/common.css: 1
[2018-07-23 19:52:31] EDIT blog_it_out2/static/sun_css/common.css: 0
[2018-07-23 19:52:48] EDIT blog_it_out2/static/sun_css/common.css: 0
[2018-07-23 19:53:44] EDIT blog_it_out2/static/sun_css/common.css: 0
[2018-07-23 19:53:54] EDIT blog_it_out2/static/sun_css/common.css: 0
[2018-07-23 19:54:04] EDIT blog_it_out2/static/sun_css/common.css: 0
[2018-07-23 19:54:15] EDIT blog_it_out2/static/sun_css/common.css: 0
[2018-07-23 19:54:25] EDIT blog_it_out2/static/sun_css/common.css: 0
[2018-07-23 19:54:49] EDIT blog_it_out2/static/sun_css/common.css: 4
[2018-07-23 19:55:01] EDIT blog_it_out2/static/sun_css/common.css: 0
[2018-07-23 19:55:06] EDIT blog_it_out2/static/sun_css/common.css: -1
[2018-07-23 19:55:21] EDIT blog_it_out2/static/sun_css/common.css: 0
[2018-07-23 19:57:34] EDIT blog_it_out2/views/default/index.html: 0
[2018-07-23 19:57:59] EDIT blog_it_out2/static/sun_css/common.css: -2
[2018-07-23 19:58:06] EDIT blog_it_out2/static/sun_css/common.css: -3
[2018-07-23 19:59:19] EDIT blog_it_out2/static/sun_css/common.css: 1
[2018-07-23 20:01:23] EDIT blog_it_out2/static/sun_css/common.css: -1
[2018-07-23 20:02:10] EDIT blog_it_out2/static/sun_css/common.css: 3
[2018-07-23 20:02:25] EDIT blog_it_out2/static/sun_css/common.css: 0
[2018-07-23 20:03:26] EDIT blog_it_out2/static/sun_css/common.css: 1
[2018-07-23 20:03:36] EDIT blog_it_out2/static/sun_css/common.css: 4
[2018-07-23 20:03:49] EDIT blog_it_out2/static/sun_css/common.css: -8
[2018-07-23 20:04:47] EDIT blog_it_out2/static/sun_css/common.css: 3
[2018-07-23 20:04:47] EDIT blog_it_out2/static/sun_css/common.css: 0
[2018-07-23 20:05:12] EDIT blog_it_out2/static/sun_css/common.css: 1
[2018-07-23 20:05:35] EDIT blog_it_out2/static/sun_css/common.css: -4
[2018-07-23 20:07:45] EDIT blog_it_out2/static/sun_css/common.css: 1
[2018-07-23 20:10:46] EDIT blog_it_out2/static/sun_css/common.css: 0
[2018-07-23 20:11:05] EDIT blog_it_out2/static/sun_css/common.css: 1
[2018-07-23 20:12:36] EDIT blog_it_out2/static/sun_css/common.css: 4
[2018-07-23 20:13:20] EDIT blog_it_out2/static/sun_css/common.css: -4
[2018-07-23 20:13:35] EDIT blog_it_out2/static/sun_css/common.css: -2
[2018-07-23 20:14:11] EDIT blog_it_out2/static/sun_css/common.css: 0
[2018-07-23 20:14:24] EDIT blog_it_out2/static/sun_css/common.css: 0
[2018-07-23 20:14:47] EDIT blog_it_out2/static/sun_css/common.css: 1
[2018-07-23 20:22:22] EDIT blog_it_out2/static/sun_css/common.css: 3
[2018-07-23 20:22:36] EDIT blog_it_out2/static/sun_css/common.css: 1
[2018-07-23 20:22:46] EDIT blog_it_out2/static/sun_css/common.css: -4
[2018-07-23 20:22:46] EDIT blog_it_out2/static/sun_css/common.css: 0
[2018-07-23 20:22:46] EDIT blog_it_out2/static/sun_css/common.css: 0
[2018-07-23 20:23:45] EDIT blog_it_out2/static/sun_css/common.css: 0
[2018-07-23 20:24:09] EDIT blog_it_out2/views/default/index.html: 0
[2018-07-23 20:24:15] EDIT blog_it_out2/views/default/index.html: 0
[2018-07-23 20:25:23] EDIT blog_it_out2/static/sun_css/common.css: 2
[2018-07-23 20:25:54] EDIT blog_it_out2/views/default/index.html: -1
[2018-07-23 20:26:16] EDIT blog_it_out2/static/sun_css/common.css: 0
[2018-07-23 20:26:23] EDIT blog_it_out2/static/sun_css/common.css: 0
[2018-07-23 20:26:52] EDIT blog_it_out2/static/sun_css/common.css: 1
[2018-07-23 20:27:02] EDIT blog_it_out2/static/sun_css/common.css: 0
[2018-07-23 20:27:14] EDIT blog_it_out2/static/sun_css/common.css: 0
[2018-07-23 20:27:33] EDIT blog_it_out2/static/sun_css/common.css: 0
[2018-07-23 20:27:39] EDIT blog_it_out2/static/sun_css/common.css: 0
[2018-07-23 20:28:00] EDIT blog_it_out2/static/sun_css/common.css: -1
[2018-07-23 20:29:47] EDIT blog_it_out2/views/default/index.html: 0
[2018-07-23 20:29:59] EDIT blog_it_out2/views/default/index.html: 0
[2018-07-23 20:30:19] EDIT blog_it_out2/views/default/index.html: 0
[2018-07-23 20:31:45] EDIT blog_it_out2/views/default/index.html: 0
[2018-07-23 20:31:49] EDIT blog_it_out2/views/default/index.html: 0
[2018-07-23 20:31:52] EDIT blog_it_out2/views/default/index.html: 0
[2018-07-23 20:34:53] EDIT blog_it_out2/views/default/index.html: -2
[2018-07-23 20:34:57] EDIT blog_it_out2/views/default/index.html: 0
[2018-07-23 20:45:23] EDIT blog_it_out2/views/layout.html: 1
[2018-07-23 20:45:35] EDIT blog_it_out2/views/layout.html: 0
[2018-07-23 20:45:36] EDIT blog_it_out2/views/layout.html: 0
[2018-07-23 20:45:36] EDIT blog_it_out2/views/layout.html: 0
[2018-07-23 20:45:36] EDIT blog_it_out2/views/layout.html: 0
[2018-07-23 20:46:22] EDIT blog_it_out2/static/sun_css/common.css: 1
[2018-07-23 20:46:36] EDIT blog_it_out2/static/sun_css/common.css: 0
[2018-07-23 20:46:55] EDIT blog_it_out2/static/sun_css/common.css: -1
[2018-07-23 20:47:22] EDIT blog_it_out2/static/sun_css/common.css: 0
[2018-07-23 20:49:43] EDIT blog_it_out2/views/default/index.html: 0
[2018-07-23 20:49:55] EDIT blog_it_out2/views/default/index.html: 0
[2018-07-23 20:50:02] EDIT blog_it_out2/views/default/index.html: 0
[2018-07-23 20:50:06] EDIT blog_it_out2/views/default/index.html: 0
[2018-07-23 20:50:08] EDIT blog_it_out2/views/default/index.html: 0
[2018-07-23 20:51:55] EDIT blog_it_out2/views/default/index.html: 0
[2018-07-23 20:52:32] EDIT blog_it_out2/views/default/index.html: 0
[2018-07-23 20:52:33] EDIT blog_it_out2/views/default/index.html: 0
[2018-07-23 20:52:33] EDIT blog_it_out2/views/default/index.html: 0
[2018-07-23 20:52:33] EDIT blog_it_out2/views/default/index.html: 0
[2018-07-23 20:52:33] EDIT blog_it_out2/views/default/index.html: 0
[2018-07-23 20:52:38] EDIT blog_it_out2/views/default/index.html: 0
[2018-07-23 20:53:04] EDIT blog_it_out2/views/default/index.html: 0
[2018-07-23 20:54:18] EDIT blog_it_out2/views/default/index.html: 0
[2018-07-23 20:54:23] EDIT blog_it_out2/views/default/index.html: 0
[2018-07-23 20:54:31] EDIT blog_it_out2/views/default/index.html: 0
[2018-07-23 20:54:47] EDIT blog_it_out2/views/default/index.html: 0
[2018-07-23 20:55:02] EDIT blog_it_out2/views/default/index.html: 0
[2018-07-23 20:55:27] EDIT blog_it_out2/views/default/index.html: 0
[2018-07-23 20:55:56] EDIT blog_it_out2/views/default/index.html: 0
[2018-07-23 20:56:52] EDIT blog_it_out2/views/default/index.html: 0
[2018-07-23 20:57:01] EDIT blog_it_out2/views/default/index.html: 0
[2018-07-23 20:57:02] EDIT blog_it_out2/views/default/index.html: 0
[2018-07-23 20:57:02] EDIT blog_it_out2/views/default/index.html: 0
[2018-07-23 20:57:07] EDIT blog_it_out2/views/default/index.html: 0
[2018-07-23 20:57:13] EDIT blog_it_out2/views/default/index.html: 0
[2018-07-23 20:57:59] EDIT blog_it_out2/views/default/index.html: 0
[2018-07-23 20:58:20] EDIT blog_it_out2/views/default/index.html: 0
[2018-07-23 21:00:27] EDIT blog_it_out2/views/default/index.html: 0
[2018-07-23 21:07:43] EDIT blog_it_out2/views/default/index.html: 0
[2018-07-23 21:08:10] EDIT blog_it_out2/views/default/index.html: 0
[2018-07-23 21:08:19] EDIT blog_it_out2/views/default/index.html: 0
[2018-07-23 21:08:21] EDIT blog_it_out2/views/default/index.html: 0
[2018-07-23 21:12:21] EDIT blog_it_out2/static/sun_css/common.css: 13
[2018-07-23 21:12:23] EDIT blog_it_out2/static/sun_css/common.css: 0
[2018-07-23 21:12:23] EDIT blog_it_out2/static/sun_css/common.css: 0
[2018-07-23 21:12:26] EDIT blog_it_out2/static/sun_css/common.css: 0
[2018-07-23 21:12:36] EDIT blog_it_out2/static/sun_css/common.css: 0
[2018-07-23 21:12:46] EDIT blog_it_out2/static/sun_css/common.css: 0
[2018-07-23 21:13:15] EDIT blog_it_out2/views/default/index.html: 3
[2018-07-23 21:13:25] EDIT blog_it_out2/views/default/index.html: -1
[2018-07-23 21:13:28] EDIT blog_it_out2/views/default/index.html: 0
[2018-07-23 21:13:43] EDIT blog_it_out2/views/default/index.html: 1
[2018-07-23 21:14:10] EDIT blog_it_out2/static/sun_css/common.css: 0
[2018-07-23 21:14:40] EDIT blog_it_out2/static/sun_css/common.css: 0
[2018-07-23 21:17:34] EDIT blog_it_out2/static/sun_css/common.css: 0
[2018-07-23 21:18:36] EDIT blog_it_out2/static/sun_css/common.css: 0
[2018-07-23 21:18:48] EDIT blog_it_out2/static/sun_css/common.css: 0
[2018-07-23 21:18:58] EDIT blog_it_out2/static/sun_css/common.css: 0
[2018-07-23 21:19:13] EDIT blog_it_out2/static/sun_css/common.css: 0
[2018-07-23 21:21:18] EDIT blog_it_out2/static/sun_css/common.css: 0
[2018-07-23 21:25:13] EDIT blog_it_out2/static/sun_css/common.css: 0
[2018-07-23 21:25:14] EDIT blog_it_out2/static/sun_css/common.css: 0
[2018-07-23 21:25:16] EDIT blog_it_out2/static/sun_css/common.css: 0
[2018-07-23 21:30:22] EDIT blog_it_out2/static/sun_css/common.css: 0
[2018-07-23 21:30:25] EDIT blog_it_out2/static/sun_css/common.css: 0
[2018-07-23 21:30:46] EDIT blog_it_out2/static/sun_css/common.css: 1
[2018-07-23 21:31:53] EDIT blog_it_out2/views/user/signup.html: 0
[2018-07-23 21:32:21] EDIT blog_it_out2/views/user/login.html: 0
[2018-07-23 21:34:07] EDIT blog_it_out2/static/sun_css/common.css: 1
[2018-07-23 21:36:41] EDIT blog_it_out2/views/default/index.html: 2
[2018-07-23 21:36:58] EDIT blog_it_out2/views/default/index.html: 0
[2018-07-23 21:37:01] EDIT blog_it_out2/views/default/index.html: 0
[2018-07-23 21:37:04] EDIT blog_it_out2/views/default/index.html: 0
[2018-07-23 21:37:07] EDIT blog_it_out2/views/default/index.html: 1
[2018-07-23 21:37:10] EDIT blog_it_out2/views/default/index.html: 0
[2018-07-23 21:37:15] EDIT blog_it_out2/views/default/index.html: 0
[2018-07-23 21:37:30] EDIT blog_it_out2/static/sun_css/common.css: 1
[2018-07-23 21:37:43] EDIT blog_it_out2/static/sun_css/common.css: 1
[2018-07-23 21:37:45] EDIT blog_it_out2/static/sun_css/common.css: 0
[2018-07-23 21:37:52] EDIT blog_it_out2/static/sun_css/common.css: 1
[2018-07-23 21:37:57] EDIT blog_it_out2/static/sun_css/common.css: 1
[2018-07-23 21:38:08] EDIT blog_it_out2/static/sun_css/common.css: 0
[2018-07-23 21:38:16] EDIT blog_it_out2/static/sun_css/common.css: 0
[2018-07-23 21:38:37] EDIT blog_it_out2/static/sun_css/common.css: 2
[2018-07-23 21:38:46] EDIT blog_it_out2/static/sun_css/common.css: 0
[2018-07-23 21:39:22] EDIT blog_it_out2/static/sun_css/common.css: 6
[2018-07-23 21:39:23] EDIT blog_it_out2/static/sun_css/common.css: 0
[2018-07-23 21:40:03] EDIT blog_it_out2/static/sun_css/common.css: 2
[2018-07-23 21:40:23] EDIT blog_it_out2/static/sun_css/common.css: 0
[2018-07-23 21:41:19] EDIT blog_it_out2/static/sun_css/common.css: 2
[2018-07-23 21:41:48] EDIT blog_it_out2/static/sun_css/common.css: 0
[2018-07-23 21:42:14] EDIT blog_it_out2/static/sun_css/common.css: 2
[2018-07-23 21:42:54] EDIT blog_it_out2/static/sun_css/common.css: 0
[2018-07-23 21:43:19] EDIT blog_it_out2/static/sun_css/common.css: 0
[2018-07-23 21:43:49] EDIT blog_it_out2/static/sun_css/common.css: 0
[2018-07-23 21:43:58] EDIT blog_it_out2/static/sun_css/common.css: 0
[2018-07-23 21:45:05] EDIT blog_it_out2/static/sun_css/common.css: 0
[2018-07-23 21:46:10] EDIT blog_it_out2/views/default/index.html: 0
[2018-07-23 21:46:52] EDIT blog_it_out2/views/default/index.html: 1
[2018-07-23 21:47:02] EDIT blog_it_out2/views/default/index.html: 1
[2018-07-23 21:47:44] EDIT blog_it_out2/static/sun_css/common.css: 2
[2018-07-23 21:48:24] EDIT blog_it_out2/static/sun_css/common.css: 0
[2018-07-23 21:48:47] EDIT blog_it_out2/static/sun_css/common.css: -2
[2018-07-23 21:48:57] EDIT blog_it_out2/static/sun_css/common.css: 2
[2018-07-23 21:49:04] EDIT blog_it_out2/static/sun_css/common.css: -2
[2018-07-23 21:49:17] EDIT blog_it_out2/static/sun_css/common.css: 2
[2018-07-23 21:49:30] EDIT blog_it_out2/static/sun_css/common.css: 0
[2018-07-23 21:50:16] EDIT blog_it_out2/static/sun_css/common.css: 0
[2018-07-23 21:50:19] EDIT blog_it_out2/static/sun_css/common.css: 0
[2018-07-23 21:50:39] EDIT blog_it_out2/static/sun_css/common.css: 0
[2018-07-23 21:51:19] EDIT blog_it_out2/views/default/index.html: 0
[2018-07-23 21:51:50] EDIT blog_it_out2/static/sun_css/common.css: 1
[2018-07-23 21:52:00] EDIT blog_it_out2/static/sun_css/common.css: 6
[2018-07-23 21:52:02] EDIT blog_it_out2/static/sun_css/common.css: 0
[2018-07-23 21:52:30] EDIT blog_it_out2/static/sun_css/common.css: 2
[2018-07-23 21:52:46] EDIT blog_it_out2/static/sun_css/common.css: 0
[2018-07-23 21:52:58] EDIT blog_it_out2/static/sun_css/common.css: 0
[2018-07-23 21:53:07] EDIT blog_it_out2/static/sun_css/common.css: 0
[2018-07-23 21:53:13] EDIT blog_it_out2/static/sun_css/common.css: 0
[2018-07-23 21:53:22] EDIT blog_it_out2/static/sun_css/common.css: 0
[2018-07-23 21:53:29] EDIT blog_it_out2/static/sun_css/common.css: 0
[2018-07-23 21:53:46] EDIT blog_it_out2/static/sun_css/common.css: 0
[2018-07-23 21:54:22] EDIT blog_it_out2/static/sun_css/common.css: 3
[2018-07-23 21:54:38] EDIT blog_it_out2/static/sun_css/common.css: 0
[2018-07-23 21:54:42] EDIT blog_it_out2/static/sun_css/common.css: 0
[2018-07-23 21:54:48] EDIT blog_it_out2/static/sun_css/common.css: 0
[2018-07-23 21:55:16] EDIT blog_it_out2/static/sun_css/common.css: 0
[2018-07-23 21:55:19] EDIT blog_it_out2/static/sun_css/common.css: 0
[2018-07-23 21:55:42] EDIT blog_it_out2/static/sun_css/common.css: -1
[2018-07-23 21:55:50] EDIT blog_it_out2/static/sun_css/common.css: 0
[2018-07-23 21:55:53] EDIT blog_it_out2/static/sun_css/common.css: 0
[2018-07-23 21:55:59] EDIT blog_it_out2/static/sun_css/common.css: 0
